This is pdfTeX, Version 3.141592653-2.6-1.40.25 (MiKTeX 23.9) (preloaded format=pdflatex 2023.10.2)  2 OCT 2023 22:21
entering extended mode
 restricted \write18 enabled.
 %&-line parsing enabled.
**./gauss_method.dvi
(gauss_method.dvi
LaTeX2e <2023-06-01> patch level 1
L3 programming layer <2023-08-29>

! LaTeX Error: Invalid UTF-8 byte "F7.

See the LaTeX manual or LaTeX Companion for explanation.
Type  H <return>  for immediate help.
 ...                                              
                                                  
l.1 ÷
     ^^B^^Aƒ’À^^\;^^@^^@^^@^^@^^Cè^^[ TeX output 2023.10.02:2221‹^^@^^@^^@^^...

? 

! LaTeX Error: Unicode character ^^B (U+0002)
               not set up for use with LaTeX.

See the LaTeX manual or LaTeX Companion for explanation.
Type  H <return>  for immediate help.
 ...                                              
                                                  
l.1 ÷^^B
        ^^Aƒ’À^^\;^^@^^@^^@^^@^^Cè^^[ TeX output 2023.10.02:2221‹^^@^^@^^@^^...

? 

! LaTeX Error: Unicode character ^^A (U+0001)
               not set up for use with LaTeX.

See the LaTeX manual or LaTeX Companion for explanation.
Type  H <return>  for immediate help.
 ...                                              
                                                  
l.1 ÷^^B^^A
           ƒ’À^^\;^^@^^@^^@^^@^^Cè^^[ TeX output 2023.10.02:2221‹^^@^^@^^@^^...

? 

! LaTeX Error: Invalid UTF-8 byte "83.

See the LaTeX manual or LaTeX Companion for explanation.
Type  H <return>  for immediate help.
 ...                                              
                                                  
l.1 ÷^^B^^Aƒ
            ’À^^\;^^@^^@^^@^^@^^Cè^^[ TeX output 2023.10.02:2221‹^^@^^@^^@^^...

? 

! LaTeX Error: Invalid UTF-8 byte "92.

See the LaTeX manual or LaTeX Companion for explanation.
Type  H <return>  for immediate help.
 ...                                              
                                                  
l.1 ÷^^B^^Aƒ’
             À^^\;^^@^^@^^@^^@^^Cè^^[ TeX output 2023.10.02:2221‹^^@^^@^^@^^...

? 

! LaTeX Error: Invalid UTF-8 byte "C0.

See the LaTeX manual or LaTeX Companion for explanation.
Type  H <return>  for immediate help.
 ...                                              
                                                  
l.1 ÷^^B^^Aƒ’À
              ^^\;^^@^^@^^@^^@^^Cè^^[ TeX output 2023.10.02:2221‹^^@^^@^^@^^...

? 

! LaTeX Error: Unicode character ^^\ (U+001C)
               not set up for use with LaTeX.

See the LaTeX manual or LaTeX Companion for explanation.
Type  H <return>  for immediate help.
 ...                                              
                                                  
l.1 ÷^^B^^Aƒ’À^^\
                 ;^^@^^@^^@^^@^^Cè^^[ TeX output 2023.10.02:2221‹^^@^^@^^@^^...

? 

! LaTeX Error: Missing \begin{document}.

See the LaTeX manual or LaTeX Companion for explanation.
Type  H <return>  for immediate help.
 ...                                              
                                                  
l.1 ÷^^B^^Aƒ’À^^\;
                  ^^@^^@^^@^^@^^Cè^^[ TeX output 2023.10.02:2221‹^^@^^@^^@^^...

? 
Missing character: There is no ; in font nullfont!
! Text line contains an invalid character.
l.1 ÷^^B^^Aƒ’À^^\;^^@
                     ^^@^^@^^@^^Cè^^[ TeX output 2023.10.02:2221‹^^@^^@^^@^^...

? 
! Emergency stop.
l.1 
    
End of file on the terminal!

 
Here is how much of TeX's memory you used:
 18 strings out of 475247
 483 string characters out of 5757792
 1917801 words of memory out of 5000000
 21643 multiletter control sequences out of 15000+600000
 558069 words of font info for 36 fonts, out of 8000000 for 9000
 1141 hyphenation exceptions out of 8191
 15i,0n,18p,205b,14s stack positions out of 10000i,1000n,20000p,200000b,200000s
!  ==> Fatal error occurred, no output PDF file produced!
